                                     | Core 0      | Core 1      | Core 2      | Core 3      | Core 4      | Core 5      | Core 6      | Core 7     
  Instructions                       |  2499999195 |           0 |           0 |           0 |           0 |           0 |           0 |           0
  Cycles                             |  1443672626 |  1443672626 |  1443672626 |  1443672626 |  1443672626 |  1443672626 |  1443672626 |  1443672626
  IPC                                |        1.73 |        0.00 |        0.00 |        0.00 |        0.00 |        0.00 |        0.00 |        0.00
  Time (ns)                          |   424609596 |   424609596 |   424609596 |   424609596 |   424609596 |   424609596 |   424609596 |   424609596
  Idle time (ns)                     |       26453 |   424609596 |   424609596 |   424609596 |   424609596 |   424609596 |   424609596 |   424609596
  Idle time (%)                      |        0.0% |      100.0% |      100.0% |      100.0% |      100.0% |      100.0% |      100.0% |      100.0%
Branch predictor stats               |             |             |             |             |             |             |             |            
  num correct                        |    77264270 |           0 |           0 |           0 |           0 |           0 |           0 |           0
  num incorrect                      |     8383131 |           0 |           0 |           0 |           0 |           0 |           0 |           0
  misprediction rate                 |       9.79% |       0.00% |       0.00% |       0.00% |       0.00% |       0.00% |       0.00% |       0.00%
  mpki                               |        3.35 |        0.00 |        0.00 |        0.00 |        0.00 |        0.00 |        0.00 |        0.00
TLB Summary                          |             |             |             |             |             |             |             |            
  I-TLB                              |             |             |             |             |             |             |             |            
    num accesses                     |   477050465 |           0 |           0 |           0 |           0 |           0 |           0 |           0
    num misses                       |        8113 |           0 |           0 |           0 |           0 |           0 |           0 |           0
    miss rate                        |       0.00% |       0.00% |       0.00% |       0.00% |       0.00% |       0.00% |       0.00% |       0.00%
    mpki                             |        0.00 |        0.00 |        0.00 |        0.00 |        0.00 |        0.00 |        0.00 |        0.00
  D-TLB                              |             |             |             |             |             |             |             |            
    num accesses                     |  1551479115 |           0 |           0 |           0 |           0 |           0 |           0 |           0
    num misses                       |      244453 |           0 |           0 |           0 |           0 |           0 |           0 |           0
    miss rate                        |       0.02% |       0.00% |       0.00% |       0.00% |       0.00% |       0.00% |       0.00% |       0.00%
    mpki                             |        0.10 |        0.00 |        0.00 |        0.00 |        0.00 |        0.00 |        0.00 |        0.00
  L2 TLB                             |             |             |             |             |             |             |             |            
    num accesses                     |      252566 |           0 |           0 |           0 |           0 |           0 |           0 |           0
    num misses                       |       60288 |           0 |           0 |           0 |           0 |           0 |           0 |           0
    miss rate                        |      23.87% |       0.00% |       0.00% |       0.00% |       0.00% |       0.00% |       0.00% |       0.00%
    mpki                             |        0.02 |        0.00 |        0.00 |        0.00 |        0.00 |        0.00 |        0.00 |        0.00
Cache Summary                        |             |             |             |             |             |             |             |            
  Cache L1-I                         |             |             |             |             |             |             |             |            
    num cache accesses               |   477050465 |           0 |           0 |           0 |           0 |           0 |           0 |           0
    num cache misses                 |      128199 |           0 |           0 |           0 |           0 |           0 |           0 |           0
    miss rate                        |       0.03% |        inf% |        inf% |        inf% |        inf% |        inf% |        inf% |        inf%
    mpki                             |        0.05 |         inf |         inf |         inf |         inf |         inf |         inf |         inf
  Cache L1-D                         |             |             |             |             |             |             |             |            
    num cache accesses               |  1551485875 |           0 |           0 |           0 |           0 |           0 |           0 |           0
    num cache misses                 |     2988146 |           0 |           0 |           0 |           0 |           0 |           0 |           0
    miss rate                        |       0.19% |        inf% |        inf% |        inf% |        inf% |        inf% |        inf% |        inf%
    mpki                             |        1.20 |         inf |         inf |         inf |         inf |         inf |         inf |         inf
  Cache L2                           |             |             |             |             |             |             |             |            
    num cache accesses               |     3164900 |           0 |           0 |           0 |           0 |           0 |           0 |           0
    num cache misses                 |     1939892 |           0 |           0 |           0 |           0 |           0 |           0 |           0
    miss rate                        |      61.29% |        inf% |        inf% |        inf% |        inf% |        inf% |        inf% |        inf%
    mpki                             |        0.78 |         inf |         inf |         inf |         inf |         inf |         inf |         inf
  Cache L3                           |             |             |             |             |             |             |             |            
    num cache accesses               |     1988447 |           0 |           0 |           0 |           0 |           0 |           0 |           0
    num cache misses                 |      746583 |           0 |           0 |           0 |           0 |           0 |           0 |           0
    miss rate                        |      37.55% |        inf% |        inf% |        inf% |        inf% |        inf% |        inf% |        inf%
    mpki                             |        0.30 |         inf |         inf |         inf |         inf |         inf |         inf |         inf
DRAM summary                         |             |             |             |             |             |             |             |            
  num dram accesses                  |     1479980 |           0 |           0 |           0 |           0 |           0 |           0 |           0
  average dram access latency (ns)   |      102.55 |         inf |         inf |         inf |         inf |         inf |         inf |         inf
  average dram queueing delay        |        0.05 |        0.00 |        0.00 |        0.00 |        0.00 |        0.00 |        0.00 |        0.00
  average dram bandwidth utilization |       0.00% |       0.00% |       0.00% |       0.00% |       0.00% |       0.00% |       0.00% |       0.00%
Coherency Traffic                    |             |             |             |             |             |             |             |            
  num loads from dram                |      219583 |           0 |           0 |           0 |           0 |           0 |           0 |           0
  num loads from dram cache          |           0 |           0 |           0 |           0 |           0 |           0 |           0 |           0
  num loads from remote cache        |           0 |           0 |           0 |           0 |           0 |           0 |           0 |           0
