                                     | Core 0      | Core 1      | Core 2      | Core 3      | Core 4      | Core 5      | Core 6      | Core 7     
  Instructions                       |  1999999850 |           0 |           0 |           0 |           0 |           0 |           0 |           0
  Cycles                             |  1876249042 |  1876249042 |  1876249042 |  1876249042 |  1876249042 |  1876249042 |  1876249042 |  1876249042
  IPC                                |        1.07 |        0.00 |        0.00 |        0.00 |        0.00 |        0.00 |        0.00 |        0.00
  Time (ns)                          |   551837954 |   551837954 |   551837954 |   551837954 |   551837954 |   551837954 |   551837954 |   551837954
  Idle time (ns)                     |       40482 |   551837954 |   551837954 |   551837954 |   551837954 |   551837954 |   551837954 |   551837954
  Idle time (%)                      |        0.0% |      100.0% |      100.0% |      100.0% |      100.0% |      100.0% |      100.0% |      100.0%
Branch predictor stats               |             |             |             |             |             |             |             |            
  num correct                        |    37986632 |           0 |           0 |           0 |           0 |           0 |           0 |           0
  num incorrect                      |      158447 |           0 |           0 |           0 |           0 |           0 |           0 |           0
  misprediction rate                 |       0.42% |       0.00% |       0.00% |       0.00% |       0.00% |       0.00% |       0.00% |       0.00%
  mpki                               |        0.08 |        0.00 |        0.00 |        0.00 |        0.00 |        0.00 |        0.00 |        0.00
TLB Summary                          |             |             |             |             |             |             |             |            
  I-TLB                              |             |             |             |             |             |             |             |            
    num accesses                     |    83047842 |           0 |           0 |           0 |           0 |           0 |           0 |           0
    num misses                       |          10 |           0 |           0 |           0 |           0 |           0 |           0 |           0
    miss rate                        |       0.00% |       0.00% |       0.00% |       0.00% |       0.00% |       0.00% |       0.00% |       0.00%
    mpki                             |        0.00 |        0.00 |        0.00 |        0.00 |        0.00 |        0.00 |        0.00 |        0.00
  D-TLB                              |             |             |             |             |             |             |             |            
    num accesses                     |  1051040657 |           0 |           0 |           0 |           0 |           0 |           0 |           0
    num misses                       |      252360 |           0 |           0 |           0 |           0 |           0 |           0 |           0
    miss rate                        |       0.02% |       0.00% |       0.00% |       0.00% |       0.00% |       0.00% |       0.00% |       0.00%
    mpki                             |        0.13 |        0.00 |        0.00 |        0.00 |        0.00 |        0.00 |        0.00 |        0.00
  L2 TLB                             |             |             |             |             |             |             |             |            
    num accesses                     |      252370 |           0 |           0 |           0 |           0 |           0 |           0 |           0
    num misses                       |      252303 |           0 |           0 |           0 |           0 |           0 |           0 |           0
    miss rate                        |      99.97% |       0.00% |       0.00% |       0.00% |       0.00% |       0.00% |       0.00% |       0.00%
    mpki                             |        0.13 |        0.00 |        0.00 |        0.00 |        0.00 |        0.00 |        0.00 |        0.00
Cache Summary                        |             |             |             |             |             |             |             |            
  Cache L1-I                         |             |             |             |             |             |             |             |            
    num cache accesses               |    83047842 |           0 |           0 |           0 |           0 |           0 |           0 |           0
    num cache misses                 |      105575 |           0 |           0 |           0 |           0 |           0 |           0 |           0
    miss rate                        |       0.13% |        inf% |        inf% |        inf% |        inf% |        inf% |        inf% |        inf%
    mpki                             |        0.05 |         inf |         inf |         inf |         inf |         inf |         inf |         inf
  Cache L1-D                         |             |             |             |             |             |             |             |            
    num cache accesses               |  1051040657 |           0 |           0 |           0 |           0 |           0 |           0 |           0
    num cache misses                 |    14336084 |           0 |           0 |           0 |           0 |           0 |           0 |           0
    miss rate                        |       1.36% |        inf% |        inf% |        inf% |        inf% |        inf% |        inf% |        inf%
    mpki                             |        7.17 |         inf |         inf |         inf |         inf |         inf |         inf |         inf
  Cache L2                           |             |             |             |             |             |             |             |            
    num cache accesses               |    14623073 |           0 |           0 |           0 |           0 |           0 |           0 |           0
    num cache misses                 |     7367036 |           0 |           0 |           0 |           0 |           0 |           0 |           0
    miss rate                        |      50.38% |        inf% |        inf% |        inf% |        inf% |        inf% |        inf% |        inf%
    mpki                             |        3.68 |         inf |         inf |         inf |         inf |         inf |         inf |         inf
  Cache L3                           |             |             |             |             |             |             |             |            
    num cache accesses               |     7548450 |           0 |           0 |           0 |           0 |           0 |           0 |           0
    num cache misses                 |     4552547 |           0 |           0 |           0 |           0 |           0 |           0 |           0
    miss rate                        |      60.31% |        inf% |        inf% |        inf% |        inf% |        inf% |        inf% |        inf%
    mpki                             |        2.28 |         inf |         inf |         inf |         inf |         inf |         inf |         inf
DRAM summary                         |             |             |             |             |             |             |             |            
  num dram accesses                  |     6175970 |           0 |           0 |           0 |           0 |           0 |           0 |           0
  average dram access latency (ns)   |      105.24 |         inf |         inf |         inf |         inf |         inf |         inf |         inf
  average dram queueing delay        |        0.24 |        0.00 |        0.00 |        0.00 |        0.00 |        0.00 |        0.00 |        0.00
  average dram bandwidth utilization |       5.00% |       0.00% |       0.00% |       0.00% |       0.00% |       0.00% |       0.00% |       0.00%
Coherency Traffic                    |             |             |             |             |             |             |             |            
  num loads from dram                |     3169839 |           0 |           0 |           0 |           0 |           0 |           0 |           0
  num loads from dram cache          |           0 |           0 |           0 |           0 |           0 |           0 |           0 |           0
  num loads from remote cache        |           0 |           0 |           0 |           0 |           0 |           0 |           0 |           0
